This is pdfTeX, Version 3.1415926-2.5-1.40.14 (TeX Live 2013) (format=pdflatex 2013.5.30)  15 NOV 2014 19:33
entering extended mode
 restricted \write18 enabled.
 %&-line parsing enabled.
**Articulo-Uniandes.tex
(./Articulo-Uniandes.tex
LaTeX2e <2011/06/27>
Babel <3.9f> and hyphenation patterns for 78 languages loaded.
(/usr/local/texlive/2013/texmf-dist/tex/latex/base/article.cls
Document Class: article 2007/10/19 v1.4h Standard LaTeX document class
(/usr/local/texlive/2013/texmf-dist/tex/latex/base/size10.clo
File: size10.clo 2007/10/19 v1.4h Standard LaTeX file (size option)
)
\c@part=\count79
\c@section=\count80
\c@subsection=\count81
\c@subsubsection=\count82
\c@paragraph=\count83
\c@subparagraph=\count84
\c@figure=\count85
\c@table=\count86
\abovecaptionskip=\skip41
\belowcaptionskip=\skip42
\bibindent=\dimen102
)
(/usr/local/texlive/2013/texmf-dist/tex/latex/base/fontenc.sty
Package: fontenc 2005/09/27 v1.99g Standard LaTeX package

(/usr/local/texlive/2013/texmf-dist/tex/latex/base/t1enc.def
File: t1enc.def 2005/09/27 v1.99g Standard LaTeX file
LaTeX Font Info:    Redeclaring font encoding T1 on input line 43.
))
(/usr/local/texlive/2013/texmf-dist/tex/latex/base/inputenc.sty
Package: inputenc 2008/03/30 v1.1d Input encoding file
\inpenc@prehook=\toks14
\inpenc@posthook=\toks15

(/usr/local/texlive/2013/texmf-dist/tex/latex/base/latin9.def
File: latin9.def 2008/03/30 v1.1d Input encoding file
))
(/usr/local/texlive/2013/texmf-dist/tex/latex/geometry/geometry.sty
Package: geometry 2010/09/12 v5.6 Page Geometry

(/usr/local/texlive/2013/texmf-dist/tex/latex/graphics/keyval.sty
Package: keyval 1999/03/16 v1.13 key=value parser (DPC)
\KV@toks@=\toks16
)
(/usr/local/texlive/2013/texmf-dist/tex/generic/oberdiek/ifpdf.sty
Package: ifpdf 2011/01/30 v2.3 Provides the ifpdf switch (HO)
Package ifpdf Info: pdfTeX in PDF mode is detected.
)
(/usr/local/texlive/2013/texmf-dist/tex/generic/oberdiek/ifvtex.sty
Package: ifvtex 2010/03/01 v1.5 Detect VTeX and its facilities (HO)
Package ifvtex Info: VTeX not detected.
)
(/usr/local/texlive/2013/texmf-dist/tex/generic/ifxetex/ifxetex.sty
Package: ifxetex 2010/09/12 v0.6 Provides ifxetex conditional
)
\Gm@cnth=\count87
\Gm@cntv=\count88
\c@Gm@tempcnt=\count89
\Gm@bindingoffset=\dimen103
\Gm@wd@mp=\dimen104
\Gm@odd@mp=\dimen105
\Gm@even@mp=\dimen106
\Gm@layoutwidth=\dimen107
\Gm@layoutheight=\dimen108
\Gm@layouthoffset=\dimen109
\Gm@layoutvoffset=\dimen110
\Gm@dimlist=\toks17
)
(/usr/local/texlive/2013/texmf-dist/tex/latex/float/float.sty
Package: float 2001/11/08 v1.3d Float enhancements (AL)
\c@float@type=\count90
\float@exts=\toks18
\float@box=\box26
\@float@everytoks=\toks19
\@floatcapt=\box27
)
(/usr/local/texlive/2013/texmf-dist/tex/latex/amsmath/amsmath.sty
Package: amsmath 2013/01/14 v2.14 AMS math features
\@mathmargin=\skip43

For additional information on amsmath, use the `?' option.
(/usr/local/texlive/2013/texmf-dist/tex/latex/amsmath/amstext.sty
Package: amstext 2000/06/29 v2.01

(/usr/local/texlive/2013/texmf-dist/tex/latex/amsmath/amsgen.sty
File: amsgen.sty 1999/11/30 v2.0
\@emptytoks=\toks20
\ex@=\dimen111
))
(/usr/local/texlive/2013/texmf-dist/tex/latex/amsmath/amsbsy.sty
Package: amsbsy 1999/11/29 v1.2d
\pmbraise@=\dimen112
)
(/usr/local/texlive/2013/texmf-dist/tex/latex/amsmath/amsopn.sty
Package: amsopn 1999/12/14 v2.01 operator names
)
\inf@bad=\count91
LaTeX Info: Redefining \frac on input line 210.
\uproot@=\count92
\leftroot@=\count93
LaTeX Info: Redefining \overline on input line 306.
\classnum@=\count94
\DOTSCASE@=\count95
LaTeX Info: Redefining \ldots on input line 378.
LaTeX Info: Redefining \dots on input line 381.
LaTeX Info: Redefining \cdots on input line 466.
\Mathstrutbox@=\box28
\strutbox@=\box29
\big@size=\dimen113
LaTeX Font Info:    Redeclaring font encoding OML on input line 566.
LaTeX Font Info:    Redeclaring font encoding OMS on input line 567.
\macc@depth=\count96
\c@MaxMatrixCols=\count97
\dotsspace@=\muskip10
\c@parentequation=\count98
\dspbrk@lvl=\count99
\tag@help=\toks21
\row@=\count100
\column@=\count101
\maxfields@=\count102
\andhelp@=\toks22
\eqnshift@=\dimen114
\alignsep@=\dimen115
\tagshift@=\dimen116
\tagwidth@=\dimen117
\totwidth@=\dimen118
\lineht@=\dimen119
\@envbody=\toks23
\multlinegap=\skip44
\multlinetaggap=\skip45
\mathdisplay@stack=\toks24
LaTeX Info: Redefining \[ on input line 2665.
LaTeX Info: Redefining \] on input line 2666.
)
(/usr/local/texlive/2013/texmf-dist/tex/latex/graphics/graphicx.sty
Package: graphicx 1999/02/16 v1.0f Enhanced LaTeX Graphics (DPC,SPQR)

(/usr/local/texlive/2013/texmf-dist/tex/latex/graphics/graphics.sty
Package: graphics 2009/02/05 v1.0o Standard LaTeX Graphics (DPC,SPQR)

(/usr/local/texlive/2013/texmf-dist/tex/latex/graphics/trig.sty
Package: trig 1999/03/16 v1.09 sin cos tan (DPC)
)
(/usr/local/texlive/2013/texmf-dist/tex/latex/latexconfig/graphics.cfg
File: graphics.cfg 2010/04/23 v1.9 graphics configuration of TeX Live
)
Package graphics Info: Driver file: pdftex.def on input line 91.

(/usr/local/texlive/2013/texmf-dist/tex/latex/pdftex-def/pdftex.def
File: pdftex.def 2011/05/27 v0.06d Graphics/color for pdfTeX

(/usr/local/texlive/2013/texmf-dist/tex/generic/oberdiek/infwarerr.sty
Package: infwarerr 2010/04/08 v1.3 Providing info/warning/error messages (HO)
)
(/usr/local/texlive/2013/texmf-dist/tex/generic/oberdiek/ltxcmds.sty
Package: ltxcmds 2011/11/09 v1.22 LaTeX kernel commands for general use (HO)
)
\Gread@gobject=\count103
))
\Gin@req@height=\dimen120
\Gin@req@width=\dimen121
)
\@float@every@algorithm=\toks25
\c@algorithm=\count104

(/usr/local/texlive/2013/texmf-dist/tex/generic/babel/babel.sty
Package: babel 2013/05/16 v3.9f The Babel package

(/usr/local/texlive/2013/texmf-dist/tex/generic/babel-spanish/spanish.ldf
Language: spanish.ldf 2010/05/23 v5.0j Spanish support from the babel system

(/usr/local/texlive/2013/texmf-dist/tex/generic/babel/babel.def
File: babel.def 2013/05/16 v3.9f Babel common definitions
\babel@savecnt=\count105
\U@D=\dimen122
)
\es@datefmt=\count106
\es@quottoks=\toks26
\es@quotdepth=\count107
Package babel Info: Making " an active character on input line 495.
Package babel Info: Making . an active character on input line 588.
Package babel Info: Making < an active character on input line 633.
Package babel Info: Making > an active character on input line 633.
)
(/usr/local/texlive/2013/texmf-dist/tex/generic/babel-english/english.ldf
Language: english 2012/08/20 v3.3p English support from the babel system
\l@canadian = a dialect from \language\l@american 
\l@australian = a dialect from \language\l@british 
\l@newzealand = a dialect from \language\l@british 
))
(/usr/local/texlive/2013/texmf-dist/tex/latex/subfigure/subfigure.sty
Package: subfigure 2002/03/15 v2.1.5 subfigure package
\subfigtopskip=\skip46
\subfigcapskip=\skip47
\subfigcaptopadj=\dimen123
\subfigbottomskip=\skip48
\subfigcapmargin=\dimen124
\subfiglabelskip=\skip49
\c@subfigure=\count108
\c@lofdepth=\count109
\c@subtable=\count110
\c@lotdepth=\count111

****************************************
* Local config file subfigure.cfg used *
****************************************
(/usr/local/texlive/2013/texmf-dist/tex/latex/subfigure/subfigure.cfg)
\subfig@top=\skip50
\subfig@bottom=\skip51
)
(/usr/local/texlive/2013/texmf-dist/tex/latex/apacite/apacite.sty
Package: apacite 2012/02/25 v6.01 APA citation
\c@BibCnt=\count112
\bibleftmargin=\skip52
\bibindent=\skip53
\bibparsep=\skip54
\bibitemsep=\skip55
\biblabelsep=\skip56
)
(./Articulo-Uniandes.aux)
\openout1 = `Articulo-Uniandes.aux'.

LaTeX Font Info:    Checking defaults for OML/cmm/m/it on input line 33.
LaTeX Font Info:    ... okay on input line 33.
LaTeX Font Info:    Checking defaults for T1/cmr/m/n on input line 33.
LaTeX Font Info:    ... okay on input line 33.
LaTeX Font Info:    Checking defaults for OT1/cmr/m/n on input line 33.
LaTeX Font Info:    ... okay on input line 33.
LaTeX Font Info:    Checking defaults for OMS/cmsy/m/n on input line 33.
LaTeX Font Info:    ... okay on input line 33.
LaTeX Font Info:    Checking defaults for OMX/cmex/m/n on input line 33.
LaTeX Font Info:    ... okay on input line 33.
LaTeX Font Info:    Checking defaults for U/cmr/m/n on input line 33.
LaTeX Font Info:    ... okay on input line 33.

*geometry* driver: auto-detecting
*geometry* detected driver: pdftex

Package geometry Warning: The marginal notes overrun the paper.
     Add 4.86812pt and more to the right margin.

*geometry* verbose mode - [ preamble ] result:
* driver: pdftex
* paper: <default>
* layout: <same size as paper>
* layoutoffset:(h,v)=(0.0pt,0.0pt)
* modes: 
* h-part:(L,W,R)=(71.13188pt, 472.03123pt, 71.13188pt)
* v-part:(T,H,B)=(71.13188pt, 652.70622pt, 71.13188pt)
* \paperwidth=614.295pt
* \paperheight=794.96999pt
* \textwidth=472.03123pt
* \textheight=652.70622pt
* \oddsidemargin=-1.1381pt
* \evensidemargin=-1.1381pt
* \topmargin=-38.1381pt
* \headheight=12.0pt
* \headsep=25.0pt
* \topskip=10.0pt
* \footskip=30.0pt
* \marginparwidth=65.0pt
* \marginparsep=11.0pt
* \columnsep=10.0pt
* \skip\footins=9.0pt plus 4.0pt minus 2.0pt
* \hoffset=0.0pt
* \voffset=0.0pt
* \mag=1000
* \@twocolumnfalse
* \@twosidefalse
* \@mparswitchfalse
* \@reversemarginfalse
* (1in=72.27pt=25.4mm, 1cm=28.453pt)

(/usr/local/texlive/2013/texmf-dist/tex/context/base/supp-pdf.mkii
[Loading MPS to PDF converter (version 2006.09.02).]
\scratchcounter=\count113
\scratchdimen=\dimen125
\scratchbox=\box30
\nofMPsegments=\count114
\nofMParguments=\count115
\everyMPshowfont=\toks27
\MPscratchCnt=\count116
\MPscratchDim=\dimen126
\MPnumerator=\count117
\makeMPintoPDFobject=\count118
\everyMPtoPDFconversion=\toks28
) (/usr/local/texlive/2013/texmf-dist/tex/generic/oberdiek/pdftexcmds.sty
Package: pdftexcmds 2011/11/29 v0.20 Utility functions of pdfTeX for LuaTeX (HO
)

(/usr/local/texlive/2013/texmf-dist/tex/generic/oberdiek/ifluatex.sty
Package: ifluatex 2010/03/01 v1.3 Provides the ifluatex switch (HO)
Package ifluatex Info: LuaTeX not detected.
)
Package pdftexcmds Info: LuaTeX not detected.
Package pdftexcmds Info: \pdf@primitive is available.
Package pdftexcmds Info: \pdf@ifprimitive is available.
Package pdftexcmds Info: \pdfdraftmode found.
)
(/usr/local/texlive/2013/texmf-dist/tex/latex/oberdiek/epstopdf-base.sty
Package: epstopdf-base 2010/02/09 v2.5 Base part for package epstopdf

(/usr/local/texlive/2013/texmf-dist/tex/latex/oberdiek/grfext.sty
Package: grfext 2010/08/19 v1.1 Manage graphics extensions (HO)

(/usr/local/texlive/2013/texmf-dist/tex/generic/oberdiek/kvdefinekeys.sty
Package: kvdefinekeys 2011/04/07 v1.3 Define keys (HO)
))
(/usr/local/texlive/2013/texmf-dist/tex/latex/oberdiek/kvoptions.sty
Package: kvoptions 2011/06/30 v3.11 Key value format for package options (HO)

(/usr/local/texlive/2013/texmf-dist/tex/generic/oberdiek/kvsetkeys.sty
Package: kvsetkeys 2012/04/25 v1.16 Key value parser (HO)

(/usr/local/texlive/2013/texmf-dist/tex/generic/oberdiek/etexcmds.sty
Package: etexcmds 2011/02/16 v1.5 Avoid name clashes with e-TeX commands (HO)
Package etexcmds Info: Could not find \expanded.
(etexcmds)             That can mean that you are not using pdfTeX 1.50 or
(etexcmds)             that some package has redefined \expanded.
(etexcmds)             In the latter case, load this package earlier.
)))
Package grfext Info: Graphics extension search list:
(grfext)             [.png,.pdf,.jpg,.mps,.jpeg,.jbig2,.jb2,.PNG,.PDF,.JPG,.JPE
G,.JBIG2,.JB2,.eps]
(grfext)             \AppendGraphicsExtensions on input line 452.

(/usr/local/texlive/2013/texmf-dist/tex/latex/latexconfig/epstopdf-sys.cfg
File: epstopdf-sys.cfg 2010/07/13 v1.3 Configuration of (r)epstopdf for TeX Liv
e
))
\c@maskedRefs=\count119

(/usr/local/texlive/2013/texmf-dist/tex/latex/apacite/english.apc
File: english.apc 2012/02/25 v6.01 apacite language file
LaTeX Info: Redefining \BPBI on input line 129.
LaTeX Info: Redefining \BHBI on input line 130.
)

LaTeX Warning: No \author given.

LaTeX Info: Redefining \. on input line 48.
LaTeX Info: Redefining \% on input line 48.

Underfull \hbox (badness 10000) in paragraph at lines 41--49

 []


Underfull \hbox (badness 10000) in paragraph at lines 41--49

 []


LaTeX Warning: Citation `Technology' undefined on input line 75.


LaTeX Warning: Citation `Rappaport' undefined on input line 75.


LaTeX Warning: Citation `Paulraj1997' undefined on input line 75.


LaTeX Warning: Citation `Paulraj1997a' undefined on input line 75.

[1

{/usr/local/texlive/2013/texmf-var/fonts/map/pdftex/updmap/pdftex.map}]

LaTeX Warning: Citation `Flury' undefined on input line 85.


LaTeX Warning: Citation `Diniz2008' undefined on input line 85.


LaTeX Warning: Citation `Boccuzzi2008' undefined on input line 85.


LaTeX Warning: Reference `sec:STE-no-lineal' on page 2 undefined on input line 
95.


LaTeX Warning: Reference `sec:Resultados-de-Simulaciones' on page 2 undefined o
n input line 97.


LaTeX Warning: Reference `sec:Conclusiones' on page 2 undefined on input line 9
9.


LaTeX Warning: Citation `Proakis2012' undefined on input line 114.


LaTeX Warning: Citation `Yang2009' undefined on input line 114.


LaTeX Warning: Citation `Novey2010' undefined on input line 119.


LaTeX Warning: Citation `Budura' undefined on input line 151.


LaTeX Warning: Citation `CONTAN2010' undefined on input line 151.


LaTeX Warning: Citation `Alper1963' undefined on input line 151.


LaTeX Warning: Citation `Powers1985' undefined on input line 151.


LaTeX Warning: Reference `fig:EstructuraFiltroPolinomialCruzado' on page 2 unde
fined on input line 162.


<"../../Desktop/ArticuloTesisMSc/img/Estructura Filtro Polinomial Cruzado".pdf,
 id=17, 1164.35pt x 1287.81125pt>
File: "../../Desktop/ArticuloTesisMSc/img/Estructura Filtro Polinomial Cruzado"
.pdf Graphic file (type pdf)

<use "../../Desktop/ArticuloTesisMSc/img/Estructura Filtro Polinomial Cruzado".
pdf>
Package pdftex.def Info: "../../Desktop/ArticuloTesisMSc/img/Estructura Filtro 
Polinomial Cruzado".pdf used on input line 166.
(pdftex.def)             Requested size: 184.29036pt x 203.81386pt.


LaTeX Warning: Reference `fig:EstructuraFiltroPolinomialCruzado' on page 2 unde
fined on input line 177.

[2] [3 <../../Desktop/ArticuloTesisMSc/img/Estructura Filtro Polinomial Cruzado
.pdf>]

LaTeX Warning: Citation `Mathews2000' undefined on input line 284.


LaTeX Warning: Citation `Davila1987' undefined on input line 284.


LaTeX Warning: Citation `Mathews1988' undefined on input line 285.


LaTeX Warning: Reference `alg:AlgoritmoRLS' on page 4 undefined on input line 3
77.

[4]
LaTeX Font Info:    Try loading font information for OMS+cmr on input line 381.

 (/usr/local/texlive/2013/texmf-dist/tex/latex/base/omscmr.fd
File: omscmr.fd 1999/05/25 v2.5h Standard LaTeX font definitions
)
LaTeX Font Info:    Font shape `OMS/cmr/m/n' in size <10> not available
(Font)              Font shape `OMS/cmsy/m/n' tried instead on input line 381.

Underfull \hbox (badness 10000) in paragraph at lines 381--386

 []


Underfull \hbox (badness 10000) in paragraph at lines 387--390

 []


LaTeX Warning: Reference `BERGG20' on page 5 undefined on input line 449.


<"/Users/carlosegn/Desktop/InformeFinal/Figuras/Spanish/BERGG20".jpg, id=46, 33
66.5775pt x 2346.7675pt>
File: "/Users/carlosegn/Desktop/InformeFinal/Figuras/Spanish/BERGG20".jpg Graph
ic file (type jpg)

<use "/Users/carlosegn/Desktop/InformeFinal/Figuras/Spanish/BERGG20".jpg>
Package pdftex.def Info: "/Users/carlosegn/Desktop/InformeFinal/Figuras/Spanish
/BERGG20".jpg used on input line 454.
(pdftex.def)             Requested size: 226.57297pt x 157.91655pt.

<"/Users/carlosegn/Desktop/InformeFinal/Figuras/Spanish/BERGG15".jpg, id=47, 33
66.5775pt x 2346.7675pt>
File: "/Users/carlosegn/Desktop/InformeFinal/Figuras/Spanish/BERGG15".jpg Graph
ic file (type jpg)

<use "/Users/carlosegn/Desktop/InformeFinal/Figuras/Spanish/BERGG15".jpg>
Package pdftex.def Info: "/Users/carlosegn/Desktop/InformeFinal/Figuras/Spanish
/BERGG15".jpg used on input line 454.
(pdftex.def)             Requested size: 226.57297pt x 157.91655pt.

<"/Users/carlosegn/Desktop/InformeFinal/Figuras/Spanish/BERGG11".jpg, id=48, 33
66.5775pt x 2346.7675pt>
File: "/Users/carlosegn/Desktop/InformeFinal/Figuras/Spanish/BERGG11".jpg Graph
ic file (type jpg)

<use "/Users/carlosegn/Desktop/InformeFinal/Figuras/Spanish/BERGG11".jpg>
Package pdftex.def Info: "/Users/carlosegn/Desktop/InformeFinal/Figuras/Spanish
/BERGG11".jpg used on input line 456.
(pdftex.def)             Requested size: 236.01561pt x 164.50536pt.


LaTeX Warning: Reference `BERGG20' on page 5 undefined on input line 470.


LaTeX Warning: Reference `BERGG15' on page 5 undefined on input line 470.


LaTeX Warning: Reference `BERGG11' on page 5 undefined on input line 470.


LaTeX Warning: Reference `BERGG20' on page 5 undefined on input line 470.


LaTeX Warning: Reference `BERGG15' on page 5 undefined on input line 470.


LaTeX Warning: Reference `BERGG11' on page 5 undefined on input line 470.


LaTeX Warning: Reference `BERGG15' on page 5 undefined on input line 492.

[5] [6 </Users/carlosegn/Desktop/InformeFinal/Figuras/Spanish/BERGG20.jpg> </Us
ers/carlosegn/Desktop/InformeFinal/Figuras/Spanish/BERGG15.jpg> </Users/carlose
gn/Desktop/InformeFinal/Figuras/Spanish/BERGG11.jpg>]

LaTeX Warning: Reference `BERGG11' on page 7 undefined on input line 501.


LaTeX Warning: Reference `Adaptativo' on page 7 undefined on input line 520.


LaTeX Warning: Reference `Adaptativo_a' on page 7 undefined on input line 523.


LaTeX Warning: Reference `Adaptativo_b' on page 7 undefined on input line 524.


LaTeX Warning: Reference `Adaptativo_c' on page 7 undefined on input line 524.


<"/Users/carlosegn/Desktop/InformeFinal/Figuras/Spanish/A20".jpg, id=64, 3366.5
775pt x 2346.7675pt>
File: "/Users/carlosegn/Desktop/InformeFinal/Figuras/Spanish/A20".jpg Graphic f
ile (type jpg)

<use "/Users/carlosegn/Desktop/InformeFinal/Figuras/Spanish/A20".jpg>
Package pdftex.def Info: "/Users/carlosegn/Desktop/InformeFinal/Figuras/Spanish
/A20".jpg used on input line 537.
(pdftex.def)             Requested size: 226.57297pt x 157.91655pt.

<"/Users/carlosegn/Desktop/InformeFinal/Figuras/Spanish/A15".jpg, id=65, 3366.5
775pt x 2346.7675pt>
File: "/Users/carlosegn/Desktop/InformeFinal/Figuras/Spanish/A15".jpg Graphic f
ile (type jpg)

<use "/Users/carlosegn/Desktop/InformeFinal/Figuras/Spanish/A15".jpg>
Package pdftex.def Info: "/Users/carlosegn/Desktop/InformeFinal/Figuras/Spanish
/A15".jpg used on input line 537.
(pdftex.def)             Requested size: 226.57297pt x 157.91655pt.

<"/Users/carlosegn/Desktop/InformeFinal/Figuras/Spanish/A11".jpg, id=66, 3366.5
775pt x 2346.7675pt>
File: "/Users/carlosegn/Desktop/InformeFinal/Figuras/Spanish/A11".jpg Graphic f
ile (type jpg)

<use "/Users/carlosegn/Desktop/InformeFinal/Figuras/Spanish/A11".jpg>
Package pdftex.def Info: "/Users/carlosegn/Desktop/InformeFinal/Figuras/Spanish
/A11".jpg used on input line 539.
(pdftex.def)             Requested size: 231.2979pt x 161.21095pt.


LaTeX Warning: Reference `Adaptativo_a' on page 7 undefined on input line 548.


LaTeX Warning: Reference `Adaptativo_b' on page 7 undefined on input line 548.


LaTeX Warning: Reference `Adaptativo_c' on page 7 undefined on input line 548.


LaTeX Warning: Reference `Adaptativo_a' on page 7 undefined on input line 548.


LaTeX Warning: Reference `Adaptativo_b' on page 7 undefined on input line 548.


LaTeX Warning: Reference `Adaptativo_c' on page 7 undefined on input line 548.

No file Articulo-Uniandes.bbl.
LaTeX Info: Redefining \. on input line 598.
LaTeX Info: Redefining \% on input line 598.
[7] [8 </Users/carlosegn/Desktop/InformeFinal/Figuras/Spanish/A20.jpg> </Users/
carlosegn/Desktop/InformeFinal/Figuras/Spanish/A15.jpg> </Users/carlosegn/Deskt
op/InformeFinal/Figuras/Spanish/A11.jpg>]
LaTeX Font Info:    Font shape `OMS/cmr/m/n' in size <9> not available
(Font)              Font shape `OMS/cmsy/m/n' tried instead on input line 607.
 [9] (./Articulo-Uniandes.aux
LaTeX Info: Redefining \. on input line 15.
LaTeX Info: Redefining \% on input line 15.
LaTeX Info: Redefining \. on input line 65.
LaTeX Info: Redefining \% on input line 65.
)

LaTeX Warning: There were undefined references.


LaTeX Warning: Label(s) may have changed. Rerun to get cross-references right.

 ) 
Here is how much of TeX's memory you used:
 4333 strings out of 493315
 58900 string characters out of 6137904
 137699 words of memory out of 5000000
 7691 multiletter control sequences out of 15000+600000
 21121 words of font info for 52 fonts, out of 8000000 for 9000
 957 hyphenation exceptions out of 8191
 38i,16n,26p,1647b,284s stack positions out of 5000i,500n,10000p,200000b,80000s
{/usr/local/texlive/2013/texmf-dist/fonts/enc/dvips/cm-super/cm-super-t1.enc}
</usr/local/texlive/2013/texmf-dist/fonts/type1/public/amsfonts/cm/cmbx6.pfb></
usr/local/texlive/2013/texmf-dist/fonts/type1/public/amsfonts/cm/cmbx8.pfb></us
r/local/texlive/2013/texmf-dist/fonts/type1/public/amsfonts/cm/cmbx9.pfb></usr/
local/texlive/2013/texmf-dist/fonts/type1/public/amsfonts/cmextra/cmex7.pfb></u
sr/local/texlive/2013/texmf-dist/fonts/type1/public/amsfonts/cmextra/cmex9.pfb>
</usr/local/texlive/2013/texmf-dist/fonts/type1/public/amsfonts/cm/cmmi10.pfb><
/usr/local/texlive/2013/texmf-dist/fonts/type1/public/amsfonts/cm/cmmi5.pfb></u
sr/local/texlive/2013/texmf-dist/fonts/type1/public/amsfonts/cm/cmmi6.pfb></usr
/local/texlive/2013/texmf-dist/fonts/type1/public/amsfonts/cm/cmmi8.pfb></usr/l
ocal/texlive/2013/texmf-dist/fonts/type1/public/amsfonts/cm/cmmi9.pfb></usr/loc
al/texlive/2013/texmf-dist/fonts/type1/public/amsfonts/cm/cmr10.pfb></usr/local
/texlive/2013/texmf-dist/fonts/type1/public/amsfonts/cm/cmr5.pfb></usr/local/te
xlive/2013/texmf-dist/fonts/type1/public/amsfonts/cm/cmr6.pfb></usr/local/texli
ve/2013/texmf-dist/fonts/type1/public/amsfonts/cm/cmr7.pfb></usr/local/texlive/
2013/texmf-dist/fonts/type1/public/amsfonts/cm/cmr8.pfb></usr/local/texlive/201
3/texmf-dist/fonts/type1/public/amsfonts/cm/cmr9.pfb></usr/local/texlive/2013/t
exmf-dist/fonts/type1/public/amsfonts/cm/cmsy10.pfb></usr/local/texlive/2013/te
xmf-dist/fonts/type1/public/amsfonts/cm/cmsy6.pfb></usr/local/texlive/2013/texm
f-dist/fonts/type1/public/amsfonts/cm/cmsy7.pfb></usr/local/texlive/2013/texmf-
dist/fonts/type1/public/amsfonts/cm/cmsy8.pfb></usr/local/texlive/2013/texmf-di
st/fonts/type1/public/amsfonts/cm/cmsy9.pfb></usr/local/texlive/2013/texmf-dist
/fonts/type1/public/cm-super/sfbi0900.pfb></usr/local/texlive/2013/texmf-dist/f
onts/type1/public/cm-super/sfbx0800.pfb></usr/local/texlive/2013/texmf-dist/fon
ts/type1/public/cm-super/sfbx0900.pfb></usr/local/texlive/2013/texmf-dist/fonts
/type1/public/cm-super/sfbx1000.pfb></usr/local/texlive/2013/texmf-dist/fonts/t
ype1/public/cm-super/sfbx1200.pfb></usr/local/texlive/2013/texmf-dist/fonts/typ
e1/public/cm-super/sfbx1440.pfb></usr/local/texlive/2013/texmf-dist/fonts/type1
/public/cm-super/sfrm0500.pfb></usr/local/texlive/2013/texmf-dist/fonts/type1/p
ublic/cm-super/sfrm0800.pfb></usr/local/texlive/2013/texmf-dist/fonts/type1/pub
lic/cm-super/sfrm0900.pfb></usr/local/texlive/2013/texmf-dist/fonts/type1/publi
c/cm-super/sfrm1000.pfb></usr/local/texlive/2013/texmf-dist/fonts/type1/public/
cm-super/sfrm1728.pfb></usr/local/texlive/2013/texmf-dist/fonts/type1/public/cm
-super/sfti0900.pfb>
Output written on Articulo-Uniandes.pdf (9 pages, 4977129 bytes).
PDF statistics:
 181 PDF objects out of 1000 (max. 8388607)
 126 compressed objects within 2 object streams
 0 named destinations out of 1000 (max. 500000)
 36 words of extra memory for PDF output out of 10000 (max. 10000000)

